<?xml version="1.0" encoding="UTF-8"?>
<testng-results ignored="0" total="1" passed="1" failed="0" skipped="0">
  <reporter-output>
  </reporter-output>
  <suite started-at="2024-01-31T14:09:29 EST" name="Default suite" finished-at="2024-01-31T14:09:37 EST" duration-ms="7483">
    <groups>
      <group name="cucumber">
        <method signature="AbstractTestNGCucumberTests.runScenario(io.cucumber.testng.PickleWrapper,io.cucumber.testng.FeatureWrapper)[pri:0, instance:com.myassignment.testRunners.validateSearchTestRunner@793f29ff]" name="runScenario" class="io.cucumber.testng.AbstractTestNGCucumberTests"/>
      </group> <!-- cucumber -->
    </groups>
    <test started-at="2024-01-31T14:09:29 EST" name="Default test" finished-at="2024-01-31T14:09:37 EST" duration-ms="7483">
      <class name="com.myassignment.testRunners.validateSearchTestRunner">
        <test-method is-config="true" signature="setUpClass(org.testng.ITestContext)[pri:0, instance:com.myassignment.testRunners.validateSearchTestRunner@793f29ff]" started-at="2024-01-31T14:09:29 EST" name="setUpClass" finished-at="2024-01-31T14:09:30 EST" duration-ms="533" status="PASS">
          <params>
            <param index="0">
              <value>
                <![CDATA[org.testng.TestRunner@2bc378f7]]>
              </value>
            </param>
          </params>
          <reporter-output>
          </reporter-output>
        </test-method> <!-- setUpClass -->
        <test-method signature="runScenario(io.cucumber.testng.PickleWrapper,io.cucumber.testng.FeatureWrapper)[pri:0, instance:com.myassignment.testRunners.validateSearchTestRunner@793f29ff]" started-at="2024-01-31T14:09:30 EST" name="runScenario" description="Runs Cucumber Scenarios" data-provider="scenarios" finished-at="2024-01-31T14:09:37 EST" duration-ms="6851" status="PASS">
          <params>
            <param index="0">
              <value>
                <![CDATA["Perform search operation using any keyword"]]>
              </value>
            </param>
            <param index="1">
              <value>
                <![CDATA["Search Engine Test"]]>
              </value>
            </param>
          </params>
          <reporter-output>
          </reporter-output>
        </test-method> <!-- runScenario -->
        <test-method is-config="true" signature="tearDownClass()[pri:0, instance:com.myassignment.testRunners.validateSearchTestRunner@793f29ff]" started-at="2024-01-31T14:09:37 EST" name="tearDownClass" finished-at="2024-01-31T14:09:37 EST" duration-ms="47" status="PASS">
          <reporter-output>
          </reporter-output>
        </test-method> <!-- tearDownClass -->
      </class> <!-- com.myassignment.testRunners.validateSearchTestRunner -->
    </test> <!-- Default test -->
  </suite> <!-- Default suite -->
</testng-results>
